DEBUG:root:Starting game...
DEBUG:root:0
DEBUG:asciimatics.screen:Processing key: 71
DEBUG:asciimatics.screen:Returning key: 71
WARNING:root:None
DEBUG:root:1
DEBUG:root:Starting game...
DEBUG:root:0
DEBUG:asciimatics.screen:Processing key: 71
DEBUG:asciimatics.screen:Returning key: 71
WARNING:root:None
DEBUG:root:1
DEBUG:asciimatics.screen:Processing key: 71
DEBUG:asciimatics.screen:Returning key: 71
WARNING:root:None
DEBUG:root:2
DEBUG:root:Starting game...
DEBUG:root:0
DEBUG:asciimatics.screen:Processing key: 71
DEBUG:asciimatics.screen:Returning key: 71
DEBUG:root:1
DEBUG:asciimatics.screen:Processing key: 71
DEBUG:asciimatics.screen:Returning key: 71
DEBUG:root:2
DEBUG:asciimatics.screen:Processing key: 71
DEBUG:asciimatics.screen:Returning key: 71
DEBUG:root:3
DEBUG:asciimatics.screen:Processing key: 71
DEBUG:asciimatics.screen:Returning key: 71
DEBUG:root:4
DEBUG:asciimatics.screen:Processing key: 71
DEBUG:asciimatics.screen:Returning key: 71
DEBUG:root:5
DEBUG:asciimatics.screen:Processing key: 71
DEBUG:asciimatics.screen:Returning key: 71
DEBUG:root:6
DEBUG:asciimatics.screen:Processing key: 71
DEBUG:asciimatics.screen:Returning key: 71
DEBUG:root:7
DEBUG:asciimatics.screen:Processing key: 71
DEBUG:asciimatics.screen:Returning key: 71
DEBUG:root:8
DEBUG:asciimatics.screen:Processing key: 71
DEBUG:asciimatics.screen:Returning key: 71
DEBUG:root:9
DEBUG:asciimatics.screen:Processing key: 71
DEBUG:asciimatics.screen:Returning key: 71
DEBUG:root:10
DEBUG:asciimatics.screen:Processing key: 71
DEBUG:asciimatics.screen:Returning key: 71
DEBUG:root:11
DEBUG:asciimatics.screen:Processing key: 71
DEBUG:asciimatics.screen:Returning key: 71
DEBUG:root:12
DEBUG:asciimatics.screen:Processing key: 71
DEBUG:asciimatics.screen:Returning key: 71
DEBUG:root:13
DEBUG:asciimatics.screen:Processing key: 71
DEBUG:asciimatics.screen:Returning key: 71
DEBUG:root:14
DEBUG:asciimatics.screen:Processing key: 71
DEBUG:asciimatics.screen:Returning key: 71
DEBUG:root:15
DEBUG:asciimatics.screen:Processing key: 71
DEBUG:asciimatics.screen:Returning key: 71
DEBUG:root:16
DEBUG:asciimatics.screen:Processing key: 71
DEBUG:asciimatics.screen:Returning key: 71
DEBUG:root:17
DEBUG:asciimatics.screen:Processing key: 71
DEBUG:asciimatics.screen:Returning key: 71
DEBUG:root:18
DEBUG:asciimatics.screen:Processing key: 71
DEBUG:asciimatics.screen:Returning key: 71
DEBUG:root:19
DEBUG:asciimatics.screen:Processing key: 71
DEBUG:asciimatics.screen:Returning key: 71
DEBUG:root:20
DEBUG:asciimatics.screen:Processing key: 71
DEBUG:asciimatics.screen:Returning key: 71
DEBUG:root:21
DEBUG:asciimatics.screen:Processing key: 71
DEBUG:asciimatics.screen:Returning key: 71
DEBUG:root:22
DEBUG:asciimatics.screen:Processing key: 71
DEBUG:asciimatics.screen:Returning key: 71
DEBUG:root:23
DEBUG:asciimatics.screen:Processing key: 71
DEBUG:asciimatics.screen:Returning key: 71
DEBUG:root:24
DEBUG:asciimatics.screen:Processing key: 71
DEBUG:asciimatics.screen:Returning key: 71
DEBUG:root:25
DEBUG:asciimatics.screen:Processing key: 71
DEBUG:asciimatics.screen:Returning key: 71
DEBUG:root:26
DEBUG:root:Starting game...
DEBUG:root:0
DEBUG:asciimatics.screen:Processing key: 71
DEBUG:asciimatics.screen:Returning key: 71
DEBUG:root:1
DEBUG:asciimatics.screen:Processing key: 20
DEBUG:asciimatics.screen:Returning key: 20
DEBUG:asciimatics.screen:Processing key: 20
DEBUG:asciimatics.screen:Returning key: 20
DEBUG:asciimatics.screen:Processing key: 20
DEBUG:asciimatics.screen:Returning key: 20
DEBUG:asciimatics.screen:Processing key: 20
DEBUG:asciimatics.screen:Returning key: 20
DEBUG:asciimatics.screen:Processing key: 20
DEBUG:asciimatics.screen:Returning key: 20
DEBUG:asciimatics.screen:Processing key: 20
DEBUG:asciimatics.screen:Returning key: 20
DEBUG:asciimatics.screen:Processing key: 20
DEBUG:asciimatics.screen:Returning key: 20
DEBUG:asciimatics.screen:Processing key: 20
DEBUG:asciimatics.screen:Returning key: 20
DEBUG:asciimatics.screen:Processing key: 20
DEBUG:asciimatics.screen:Returning key: 20
DEBUG:asciimatics.screen:Processing key: 20
DEBUG:asciimatics.screen:Returning key: 20
DEBUG:asciimatics.screen:Processing key: 20
DEBUG:asciimatics.screen:Returning key: 20
DEBUG:asciimatics.screen:Processing key: 71
DEBUG:asciimatics.screen:Returning key: 71
DEBUG:root:Starting game...
DEBUG:root:0
DEBUG:root:Starting game...
DEBUG:root:0
DEBUG:root:Starting game...
DEBUG:root:0
DEBUG:root:Starting game...
DEBUG:root:0
DEBUG:root:1
DEBUG:root:2
DEBUG:root:3
DEBUG:root:Starting game...
DEBUG:root:0
DEBUG:root:Starting game...
DEBUG:root:Starting game...
DEBUG:root:Starting game...
DEBUG:root:Starting game...
DEBUG:root:Starting game...
DEBUG:asciimatics.screen:Processing key: 20
DEBUG:asciimatics.screen:Returning key: 20
DEBUG:root:Starting game...
DEBUG:asciimatics.screen:Processing key: 20
DEBUG:asciimatics.screen:Returning key: 20
DEBUG:root:Starting game...
DEBUG:asciimatics.screen:Processing key: 20
DEBUG:asciimatics.screen:Returning key: 20
DEBUG:root:Starting game...
DEBUG:asciimatics.screen:Processing key: 20
DEBUG:asciimatics.screen:Returning key: 20
DEBUG:root:Starting game...
DEBUG:asciimatics.screen:Processing key: 20
DEBUG:asciimatics.screen:Returning key: 20
DEBUG:asciimatics.screen:Processing key: 71
DEBUG:asciimatics.screen:Returning key: 71
DEBUG:root:Starting game...
DEBUG:asciimatics.screen:Processing key: 20
DEBUG:asciimatics.screen:Returning key: 20
DEBUG:asciimatics.screen:Processing key: 71
DEBUG:asciimatics.screen:Returning key: 71
DEBUG:root:Starting game...
DEBUG:asciimatics.screen:Processing key: 20
DEBUG:asciimatics.screen:Returning key: 20
DEBUG:asciimatics.screen:Processing key: 71
DEBUG:asciimatics.screen:Returning key: 71
DEBUG:root:Starting game...
DEBUG:asciimatics.screen:Processing key: 20
DEBUG:asciimatics.screen:Returning key: 20
DEBUG:asciimatics.screen:Processing key: 71
DEBUG:asciimatics.screen:Returning key: 71
